06-Oct-2024 14:58:36.328 INFO [Catalina-utility-2] org.apache.catalina.startup.HostConfig.undeploy Undeploying context [/bahrain-poc]
06-Oct-2024 14:58:37.150 INFO [Catalina-utility-2] org.apache.catalina.startup.HostConfig.deployWAR Deploying web application archive [/opt/deployments/bahrain-poc-builds/apache-tomcat-9.0.88/webapps/bahrain-poc.war]
06-Oct-2024 14:58:46.670 INFO [Catalina-utility-2] org.apache.jasper.servlet.TldScanner.scanJars At least one JAR was scanned for TLDs yet contained no TLDs. Enable debug logging for this logger for a complete list of JARs that were scanned but no TLDs were found in them. Skipping unneeded JARs during scanning can improve startup time and JSP compilation time.
06-Oct-2024 14:58:47.478 SEVERE [Catalina-utility-2] org.apache.catalina.startup.HostConfig.deployWAR Error deploying web application archive [/opt/deployments/bahrain-poc-builds/apache-tomcat-9.0.88/webapps/bahrain-poc.war]
	java.lang.IllegalStateException: Error starting child
		at org.apache.catalina.core.ContainerBase.addChildInternal(ContainerBase.java:690)
		at org.apache.catalina.core.ContainerBase.addChild(ContainerBase.java:659)
		at org.apache.catalina.core.StandardHost.addChild(StandardHost.java:661)
		at org.apache.catalina.startup.HostConfig.deployWAR(HostConfig.java:1014)
		at org.apache.catalina.startup.HostConfig$DeployWar.run(HostConfig.java:1866)
		at java.base/java.util.concurrent.Executors$RunnableAdapter.call(Executors.java:539)
		at java.base/java.util.concurrent.FutureTask.run(FutureTask.java:264)
		at org.apache.tomcat.util.threads.InlineExecutorService.execute(InlineExecutorService.java:75)
		at java.base/java.util.concurrent.AbstractExecutorService.submit(AbstractExecutorService.java:123)
		at org.apache.catalina.startup.HostConfig.deployWARs(HostConfig.java:816)
		at org.apache.catalina.startup.HostConfig.deployApps(HostConfig.java:468)
		at org.apache.catalina.startup.HostConfig.check(HostConfig.java:1633)
		at org.apache.catalina.startup.HostConfig.lifecycleEvent(HostConfig.java:308)
		at org.apache.catalina.util.LifecycleBase.fireLifecycleEvent(LifecycleBase.java:114)
		at org.apache.catalina.core.ContainerBase.backgroundProcess(ContainerBase.java:1108)
		at org.apache.catalina.core.ContainerBase$ContainerBackgroundProcessor.processChildren(ContainerBase.java:1314)
		at org.apache.catalina.core.ContainerBase$ContainerBackgroundProcessor.processChildren(ContainerBase.java:1318)
		at org.apache.catalina.core.ContainerBase$ContainerBackgroundProcessor.run(ContainerBase.java:1296)
		at java.base/java.util.concurrent.Executors$RunnableAdapter.call(Executors.java:539)
		at java.base/java.util.concurrent.FutureTask.runAndReset(FutureTask.java:305)
		at java.base/java.util.concurrent.ScheduledThreadPoolExecutor$ScheduledFutureTask.run(ScheduledThreadPoolExecutor.java:305)
		at java.base/java.util.concurrent.ThreadPoolExecutor.runWorker(ThreadPoolExecutor.java:1136)
		at java.base/java.util.concurrent.ThreadPoolExecutor$Worker.run(ThreadPoolExecutor.java:635)
		at org.apache.tomcat.util.threads.TaskThread$WrappingRunnable.run(TaskThread.java:63)
		at java.base/java.lang.Thread.run(Thread.java:840)
	Caused by: org.apache.catalina.LifecycleException: Failed to start component [StandardEngine[Catalina].StandardHost[localhost].StandardContext[/bahrain-poc]]
		at org.apache.catalina.util.LifecycleBase.handleSubClassException(LifecycleBase.java:419)
		at org.apache.catalina.util.LifecycleBase.start(LifecycleBase.java:186)
		at org.apache.catalina.core.ContainerBase.addChildInternal(ContainerBase.java:687)
		... 24 more
	Caused by: java.lang.IllegalStateException: java.lang.IllegalStateException: Logback configuration error detected: 
ERROR in ch.qos.logback.core.rolling.RollingFileAppender[ROLLING] - Failed to create parent directories for [/opt/deployments/bahrain-poc-builds/apache-tomcat-9.0.88/bin/logs/app.log]
ERROR in ch.qos.logback.core.rolling.RollingFileAppender[ROLLING] - openFile(logs/app.log,true) call failed. java.io.FileNotFoundException: logs/app.log (No such file or directory)
		at org.springframework.boot.context.logging.LoggingApplicationListener.initializeSystem(LoggingApplicationListener.java:344)
		at org.springframework.boot.context.logging.LoggingApplicationListener.initialize(LoggingApplicationListener.java:298)
		at org.springframework.boot.context.logging.LoggingApplicationListener.onApplicationEnvironmentPreparedEvent(LoggingApplicationListener.java:246)
		at org.springframework.boot.context.logging.LoggingApplicationListener.onApplicationEvent(LoggingApplicationListener.java:223)
		at org.springframework.context.event.SimpleApplicationEventMulticaster.doInvokeListener(SimpleApplicationEventMulticaster.java:176)
		at org.springframework.context.event.SimpleApplicationEventMulticaster.invokeListener(SimpleApplicationEventMulticaster.java:169)
		at org.springframework.context.event.SimpleApplicationEventMulticaster.multicastEvent(SimpleApplicationEventMulticaster.java:143)
		at org.springframework.context.event.SimpleApplicationEventMulticaster.multicastEvent(SimpleApplicationEventMulticaster.java:131)
		at org.springframework.boot.context.event.EventPublishingRunListener.environmentPrepared(EventPublishingRunListener.java:85)
		at org.springframework.boot.SpringApplicationRunListeners.lambda$environmentPrepared$2(SpringApplicationRunListeners.java:66)
		at java.base/java.util.ArrayList.forEach(ArrayList.java:1511)
		at org.springframework.boot.SpringApplicationRunListeners.doWithListeners(SpringApplicationRunListeners.java:120)
		at org.springframework.boot.SpringApplicationRunListeners.doWithListeners(SpringApplicationRunListeners.java:114)
		at org.springframework.boot.SpringApplicationRunListeners.environmentPrepared(SpringApplicationRunListeners.java:65)
		at org.springframework.boot.SpringApplication.prepareEnvironment(SpringApplication.java:343)
		at org.springframework.boot.SpringApplication.run(SpringApplication.java:301)
		at org.springframework.boot.web.servlet.support.SpringBootServletInitializer.run(SpringBootServletInitializer.java:175)
		at org.springframework.boot.web.servlet.support.SpringBootServletInitializer.createRootApplicationContext(SpringBootServletInitializer.java:155)
		at org.springframework.boot.web.servlet.support.SpringBootServletInitializer.onStartup(SpringBootServletInitializer.java:97)
		at org.springframework.web.SpringServletContainerInitializer.onStartup(SpringServletContainerInitializer.java:174)
		at org.apache.catalina.core.StandardContext.startInternal(StandardContext.java:4901)
		at org.apache.catalina.util.LifecycleBase.start(LifecycleBase.java:171)
		... 25 more
	Caused by: java.lang.IllegalStateException: Logback configuration error detected: 
ERROR in ch.qos.logback.core.rolling.RollingFileAppender[ROLLING] - Failed to create parent directories for [/opt/deployments/bahrain-poc-builds/apache-tomcat-9.0.88/bin/logs/app.log]
ERROR in ch.qos.logback.core.rolling.RollingFileAppender[ROLLING] - openFile(logs/app.log,true) call failed. java.io.FileNotFoundException: logs/app.log (No such file or directory)
		at org.springframework.boot.logging.logback.LogbackLoggingSystem.reportConfigurationErrorsIfNecessary(LogbackLoggingSystem.java:189)
		at org.springframework.boot.logging.logback.LogbackLoggingSystem.loadConfiguration(LogbackLoggingSystem.java:170)
		at org.springframework.boot.logging.AbstractLoggingSystem.initializeWithConventions(AbstractLoggingSystem.java:80)
		at org.springframework.boot.logging.AbstractLoggingSystem.initialize(AbstractLoggingSystem.java:60)
		at org.springframework.boot.logging.logback.LogbackLoggingSystem.initialize(LogbackLoggingSystem.java:132)
		at org.springframework.boot.context.logging.LoggingApplicationListener.initializeSystem(LoggingApplicationListener.java:329)
		... 46 more
		Suppressed: java.io.FileNotFoundException: logs/app.log (No such file or directory)
			at java.base/java.io.FileOutputStream.open0(Native Method)
			at java.base/java.io.FileOutputStream.open(FileOutputStream.java:293)
			at java.base/java.io.FileOutputStream.<init>(FileOutputStream.java:235)
			at ch.qos.logback.core.recovery.ResilientFileOutputStream.<init>(ResilientFileOutputStream.java:26)
			at ch.qos.logback.core.FileAppender.openFile(FileAppender.java:204)
			at ch.qos.logback.core.FileAppender.start(FileAppender.java:127)
			at ch.qos.logback.core.rolling.RollingFileAppender.start(RollingFileAppender.java:100)
			at ch.qos.logback.core.joran.action.AppenderAction.end(AppenderAction.java:90)
			at ch.qos.logback.core.joran.spi.Interpreter.callEndAction(Interpreter.java:309)
			at ch.qos.logback.core.joran.spi.Interpreter.endElement(Interpreter.java:193)
			at ch.qos.logback.core.joran.spi.Interpreter.endElement(Interpreter.java:179)
			at ch.qos.logback.core.joran.spi.EventPlayer.play(EventPlayer.java:62)
			at ch.qos.logback.core.joran.GenericConfigurator.doConfigure(GenericConfigurator.java:165)
			at ch.qos.logback.core.joran.GenericConfigurator.doConfigure(GenericConfigurator.java:152)
			at ch.qos.logback.core.joran.GenericConfigurator.doConfigure(GenericConfigurator.java:110)
			at ch.qos.logback.core.joran.GenericConfigurator.doConfigure(GenericConfigurator.java:53)
			at org.springframework.boot.logging.logback.LogbackLoggingSystem.configureByResourceUrl(LogbackLoggingSystem.java:199)
			at org.springframework.boot.logging.logback.LogbackLoggingSystem.loadConfiguration(LogbackLoggingSystem.java:165)
			... 50 more
06-Oct-2024 14:58:47.481 INFO [Catalina-utility-2] org.apache.catalina.startup.HostConfig.deployWAR Deployment of web application archive [/opt/deployments/bahrain-poc-builds/apache-tomcat-9.0.88/webapps/bahrain-poc.war] has finished in [10,335] ms
06-Oct-2024 15:17:27.567 INFO [Catalina-utility-1] org.apache.catalina.startup.HostConfig.undeploy Undeploying context [/bahrain-poc]
06-Oct-2024 15:17:37.605 INFO [Catalina-utility-2] org.apache.catalina.startup.HostConfig.deployWAR Deploying web application archive [/opt/deployments/bahrain-poc-builds/apache-tomcat-9.0.88/webapps/bahrain-poc.war]
06-Oct-2024 15:17:40.450 INFO [Catalina-utility-2] org.apache.jasper.servlet.TldScanner.scanJars At least one JAR was scanned for TLDs yet contained no TLDs. Enable debug logging for this logger for a complete list of JARs that were scanned but no TLDs were found in them. Skipping unneeded JARs during scanning can improve startup time and JSP compilation time.
06-Oct-2024 15:17:41.405 SEVERE [Catalina-utility-2] org.apache.catalina.startup.HostConfig.deployWAR Error deploying web application archive [/opt/deployments/bahrain-poc-builds/apache-tomcat-9.0.88/webapps/bahrain-poc.war]
	java.lang.IllegalStateException: Error starting child
		at org.apache.catalina.core.ContainerBase.addChildInternal(ContainerBase.java:690)
		at org.apache.catalina.core.ContainerBase.addChild(ContainerBase.java:659)
		at org.apache.catalina.core.StandardHost.addChild(StandardHost.java:661)
		at org.apache.catalina.startup.HostConfig.deployWAR(HostConfig.java:1014)
		at org.apache.catalina.startup.HostConfig$DeployWar.run(HostConfig.java:1866)
		at java.base/java.util.concurrent.Executors$RunnableAdapter.call(Executors.java:539)
		at java.base/java.util.concurrent.FutureTask.run(FutureTask.java:264)
		at org.apache.tomcat.util.threads.InlineExecutorService.execute(InlineExecutorService.java:75)
		at java.base/java.util.concurrent.AbstractExecutorService.submit(AbstractExecutorService.java:123)
		at org.apache.catalina.startup.HostConfig.deployWARs(HostConfig.java:816)
		at org.apache.catalina.startup.HostConfig.deployApps(HostConfig.java:468)
		at org.apache.catalina.startup.HostConfig.check(HostConfig.java:1633)
		at org.apache.catalina.startup.HostConfig.lifecycleEvent(HostConfig.java:308)
		at org.apache.catalina.util.LifecycleBase.fireLifecycleEvent(LifecycleBase.java:114)
		at org.apache.catalina.core.ContainerBase.backgroundProcess(ContainerBase.java:1108)
		at org.apache.catalina.core.ContainerBase$ContainerBackgroundProcessor.processChildren(ContainerBase.java:1314)
		at org.apache.catalina.core.ContainerBase$ContainerBackgroundProcessor.processChildren(ContainerBase.java:1318)
		at org.apache.catalina.core.ContainerBase$ContainerBackgroundProcessor.run(ContainerBase.java:1296)
		at java.base/java.util.concurrent.Executors$RunnableAdapter.call(Executors.java:539)
		at java.base/java.util.concurrent.FutureTask.runAndReset(FutureTask.java:305)
		at java.base/java.util.concurrent.ScheduledThreadPoolExecutor$ScheduledFutureTask.run(ScheduledThreadPoolExecutor.java:305)
		at java.base/java.util.concurrent.ThreadPoolExecutor.runWorker(ThreadPoolExecutor.java:1136)
		at java.base/java.util.concurrent.ThreadPoolExecutor$Worker.run(ThreadPoolExecutor.java:635)
		at org.apache.tomcat.util.threads.TaskThread$WrappingRunnable.run(TaskThread.java:63)
		at java.base/java.lang.Thread.run(Thread.java:840)
	Caused by: org.apache.catalina.LifecycleException: Failed to start component [StandardEngine[Catalina].StandardHost[localhost].StandardContext[/bahrain-poc]]
		at org.apache.catalina.util.LifecycleBase.handleSubClassException(LifecycleBase.java:419)
		at org.apache.catalina.util.LifecycleBase.start(LifecycleBase.java:186)
		at org.apache.catalina.core.ContainerBase.addChildInternal(ContainerBase.java:687)
		... 24 more
	Caused by: java.lang.IllegalStateException: java.lang.IllegalStateException: Logback configuration error detected: 
ERROR in ch.qos.logback.core.rolling.RollingFileAppender[ROLLING] - Failed to create parent directories for [/opt/deployments/bahrain-poc-builds/apache-tomcat-9.0.88/bin/logs/app.log]
ERROR in ch.qos.logback.core.rolling.RollingFileAppender[ROLLING] - openFile(logs/app.log,true) call failed. java.io.FileNotFoundException: logs/app.log (No such file or directory)
		at org.springframework.boot.context.logging.LoggingApplicationListener.initializeSystem(LoggingApplicationListener.java:344)
		at org.springframework.boot.context.logging.LoggingApplicationListener.initialize(LoggingApplicationListener.java:298)
		at org.springframework.boot.context.logging.LoggingApplicationListener.onApplicationEnvironmentPreparedEvent(LoggingApplicationListener.java:246)
		at org.springframework.boot.context.logging.LoggingApplicationListener.onApplicationEvent(LoggingApplicationListener.java:223)
		at org.springframework.context.event.SimpleApplicationEventMulticaster.doInvokeListener(SimpleApplicationEventMulticaster.java:176)
		at org.springframework.context.event.SimpleApplicationEventMulticaster.invokeListener(SimpleApplicationEventMulticaster.java:169)
		at org.springframework.context.event.SimpleApplicationEventMulticaster.multicastEvent(SimpleApplicationEventMulticaster.java:143)
		at org.springframework.context.event.SimpleApplicationEventMulticaster.multicastEvent(SimpleApplicationEventMulticaster.java:131)
		at org.springframework.boot.context.event.EventPublishingRunListener.environmentPrepared(EventPublishingRunListener.java:85)
		at org.springframework.boot.SpringApplicationRunListeners.lambda$environmentPrepared$2(SpringApplicationRunListeners.java:66)
		at java.base/java.util.ArrayList.forEach(ArrayList.java:1511)
		at org.springframework.boot.SpringApplicationRunListeners.doWithListeners(SpringApplicationRunListeners.java:120)
		at org.springframework.boot.SpringApplicationRunListeners.doWithListeners(SpringApplicationRunListeners.java:114)
		at org.springframework.boot.SpringApplicationRunListeners.environmentPrepared(SpringApplicationRunListeners.java:65)
		at org.springframework.boot.SpringApplication.prepareEnvironment(SpringApplication.java:343)
		at org.springframework.boot.SpringApplication.run(SpringApplication.java:301)
		at org.springframework.boot.web.servlet.support.SpringBootServletInitializer.run(SpringBootServletInitializer.java:175)
		at org.springframework.boot.web.servlet.support.SpringBootServletInitializer.createRootApplicationContext(SpringBootServletInitializer.java:155)
		at org.springframework.boot.web.servlet.support.SpringBootServletInitializer.onStartup(SpringBootServletInitializer.java:97)
		at org.springframework.web.SpringServletContainerInitializer.onStartup(SpringServletContainerInitializer.java:174)
		at org.apache.catalina.core.StandardContext.startInternal(StandardContext.java:4901)
		at org.apache.catalina.util.LifecycleBase.start(LifecycleBase.java:171)
		... 25 more
	Caused by: java.lang.IllegalStateException: Logback configuration error detected: 
ERROR in ch.qos.logback.core.rolling.RollingFileAppender[ROLLING] - Failed to create parent directories for [/opt/deployments/bahrain-poc-builds/apache-tomcat-9.0.88/bin/logs/app.log]
ERROR in ch.qos.logback.core.rolling.RollingFileAppender[ROLLING] - openFile(logs/app.log,true) call failed. java.io.FileNotFoundException: logs/app.log (No such file or directory)
		at org.springframework.boot.logging.logback.LogbackLoggingSystem.reportConfigurationErrorsIfNecessary(LogbackLoggingSystem.java:189)
		at org.springframework.boot.logging.logback.LogbackLoggingSystem.loadConfiguration(LogbackLoggingSystem.java:170)
		at org.springframework.boot.logging.AbstractLoggingSystem.initializeWithConventions(AbstractLoggingSystem.java:80)
		at org.springframework.boot.logging.AbstractLoggingSystem.initialize(AbstractLoggingSystem.java:60)
		at org.springframework.boot.logging.logback.LogbackLoggingSystem.initialize(LogbackLoggingSystem.java:132)
		at org.springframework.boot.context.logging.LoggingApplicationListener.initializeSystem(LoggingApplicationListener.java:329)
		... 46 more
		Suppressed: java.io.FileNotFoundException: logs/app.log (No such file or directory)
			at java.base/java.io.FileOutputStream.open0(Native Method)
			at java.base/java.io.FileOutputStream.open(FileOutputStream.java:293)
			at java.base/java.io.FileOutputStream.<init>(FileOutputStream.java:235)
			at ch.qos.logback.core.recovery.ResilientFileOutputStream.<init>(ResilientFileOutputStream.java:26)
			at ch.qos.logback.core.FileAppender.openFile(FileAppender.java:204)
			at ch.qos.logback.core.FileAppender.start(FileAppender.java:127)
			at ch.qos.logback.core.rolling.RollingFileAppender.start(RollingFileAppender.java:100)
			at ch.qos.logback.core.joran.action.AppenderAction.end(AppenderAction.java:90)
			at ch.qos.logback.core.joran.spi.Interpreter.callEndAction(Interpreter.java:309)
			at ch.qos.logback.core.joran.spi.Interpreter.endElement(Interpreter.java:193)
			at ch.qos.logback.core.joran.spi.Interpreter.endElement(Interpreter.java:179)
			at ch.qos.logback.core.joran.spi.EventPlayer.play(EventPlayer.java:62)
			at ch.qos.logback.core.joran.GenericConfigurator.doConfigure(GenericConfigurator.java:165)
			at ch.qos.logback.core.joran.GenericConfigurator.doConfigure(GenericConfigurator.java:152)
			at ch.qos.logback.core.joran.GenericConfigurator.doConfigure(GenericConfigurator.java:110)
			at ch.qos.logback.core.joran.GenericConfigurator.doConfigure(GenericConfigurator.java:53)
			at org.springframework.boot.logging.logback.LogbackLoggingSystem.configureByResourceUrl(LogbackLoggingSystem.java:199)
			at org.springframework.boot.logging.logback.LogbackLoggingSystem.loadConfiguration(LogbackLoggingSystem.java:165)
			... 50 more
06-Oct-2024 15:17:41.410 INFO [Catalina-utility-2] org.apache.catalina.startup.HostConfig.deployWAR Deployment of web application archive [/opt/deployments/bahrain-poc-builds/apache-tomcat-9.0.88/webapps/bahrain-poc.war] has finished in [3,805] ms
